0 info it worked if it ends with ok
1 verbose cli [ '/Users/zhawry/.nvm/v0.10.38/bin/node',
1 verbose cli   '/Users/zhawry/.nvm/v0.10.38/bin/npm',
1 verbose cli   'install',
1 verbose cli   '-g',
1 verbose cli   'npm-check-updates' ]
2 info using npm@1.4.28
3 info using node@v0.10.38
4 verbose cache add [ 'npm-check-updates', null ]
5 verbose cache add name=undefined spec="npm-check-updates" args=["npm-check-updates",null]
6 verbose parsed url { protocol: null,
6 verbose parsed url   slashes: null,
6 verbose parsed url   auth: null,
6 verbose parsed url   host: null,
6 verbose parsed url   port: null,
6 verbose parsed url   hostname: null,
6 verbose parsed url   hash: null,
6 verbose parsed url   search: null,
6 verbose parsed url   query: null,
6 verbose parsed url   pathname: 'npm-check-updates',
6 verbose parsed url   path: 'npm-check-updates',
6 verbose parsed url   href: 'npm-check-updates' }
7 silly lockFile 1ae65091-npm-check-updates npm-check-updates
8 verbose lock npm-check-updates /Users/zhawry/.npm/1ae65091-npm-check-updates.lock
9 silly lockFile 1ae65091-npm-check-updates npm-check-updates
10 silly lockFile 1ae65091-npm-check-updates npm-check-updates
11 verbose addNamed [ 'npm-check-updates', '' ]
12 verbose addNamed [ null, '*' ]
13 silly lockFile 2824db21-npm-check-updates npm-check-updates@
14 verbose lock npm-check-updates@ /Users/zhawry/.npm/2824db21-npm-check-updates.lock
15 silly addNameRange { name: 'npm-check-updates', range: '*', hasData: false }
16 verbose request where is /npm-check-updates
17 verbose request registry https://registry.npmjs.org/
18 verbose request id 06ec5f66f8c2f9d6
19 verbose url raw /npm-check-updates
20 verbose url resolving [ 'https://registry.npmjs.org/', './npm-check-updates' ]
21 verbose url resolved https://registry.npmjs.org/npm-check-updates
22 verbose request where is https://registry.npmjs.org/npm-check-updates
23 info trying registry request attempt 1 at 13:41:11
24 http GET https://registry.npmjs.org/npm-check-updates
25 http 200 https://registry.npmjs.org/npm-check-updates
26 silly registry.get cb [ 200,
26 silly registry.get   { server: 'CouchDB/1.6.1 (Erlang OTP/R16B03)',
26 silly registry.get     etag: '"9UUJRY5YDQ5XEYHGV10EOK3JQ"',
26 silly registry.get     'content-type': 'application/json',
26 silly registry.get     'content-encoding': 'gzip',
26 silly registry.get     'cache-control': 'max-age=300',
26 silly registry.get     'content-length': '19616',
26 silly registry.get     'accept-ranges': 'bytes',
26 silly registry.get     date: 'Mon, 24 Oct 2016 17:41:00 GMT',
26 silly registry.get     via: '1.1 varnish',
26 silly registry.get     age: '0',
26 silly registry.get     connection: 'keep-alive',
26 silly registry.get     'x-served-by': 'cache-ord1735-ORD',
26 silly registry.get     'x-cache': 'HIT',
26 silly registry.get     'x-cache-hits': '1',
26 silly registry.get     'x-timer': 'S1477330859.763815,VS0,VE354',
26 silly registry.get     vary: 'Accept-Encoding' } ]
27 silly addNameRange number 2 { name: 'npm-check-updates', range: '*', hasData: true }
28 silly addNameRange versions [ 'npm-check-updates',
28 silly addNameRange   [ '1.0.0',
28 silly addNameRange     '1.0.1',
28 silly addNameRange     '1.1.0',
28 silly addNameRange     '1.1.1',
28 silly addNameRange     '1.2.0',
28 silly addNameRange     '1.3.0',
28 silly addNameRange     '1.5.0',
28 silly addNameRange     '1.5.1',
28 silly addNameRange     '2.0.0-alpha1',
28 silly addNameRange     '2.0.0-alpha2',
28 silly addNameRange     '2.0.0-alpha3',
28 silly addNameRange     '2.0.0-alpha4',
28 silly addNameRange     '2.0.0-alpha5',
28 silly addNameRange     '2.0.0-alpha6',
28 silly addNameRange     '2.0.0-alpha.7',
28 silly addNameRange     '2.0.0-alpha.8',
28 silly addNameRange     '2.0.0-alpha.9',
28 silly addNameRange     '2.0.0-alpha.10',
28 silly addNameRange     '2.0.0-alpha.11',
28 silly addNameRange     '2.0.0-alpha.12',
28 silly addNameRange     '2.0.0-alpha.13',
28 silly addNameRange     '2.0.0-alpha.14',
28 silly addNameRange     '2.0.0-alpha.15',
28 silly addNameRange     '2.0.0-alpha.16',
28 silly addNameRange     '2.0.0-alpha.17',
28 silly addNameRange     '2.0.0',
28 silly addNameRange     '2.0.1',
28 silly addNameRange     '2.0.2',
28 silly addNameRange     '2.0.3',
28 silly addNameRange     '2.0.4',
28 silly addNameRange     '2.1.0',
28 silly addNameRange     '2.1.1',
28 silly addNameRange     '2.1.2',
28 silly addNameRange     '2.1.3',
28 silly addNameRange     '2.2.0',
28 silly addNameRange     '2.2.1',
28 silly addNameRange     '2.2.2',
28 silly addNameRange     '2.2.3',
28 silly addNameRange     '2.2.4',
28 silly addNameRange     '2.3.0',
28 silly addNameRange     '2.3.1',
28 silly addNameRange     '2.3.2',
28 silly addNameRange     '2.3.3',
28 silly addNameRange     '2.3.4',
28 silly addNameRange     '2.4.0',
28 silly addNameRange     '2.4.1',
28 silly addNameRange     '2.4.2',
28 silly addNameRange     '2.5.0',
28 silly addNameRange     '2.5.1',
28 silly addNameRange     '2.5.2',
28 silly addNameRange     '2.5.3',
28 silly addNameRange     '2.5.3-spawnglobal',
28 silly addNameRange     '2.5.4',
28 silly addNameRange     '2.5.4-spawnglobal',
28 silly addNameRange     '2.5.5',
28 silly addNameRange     '2.5.6',
28 silly addNameRange     '2.5.7',
28 silly addNameRange     '2.5.8',
28 silly addNameRange     '2.6.0',
28 silly addNameRange     '2.6.1',
28 silly addNameRange     '2.6.2',
28 silly addNameRange     '2.6.3',
28 silly addNameRange     '2.6.4',
28 silly addNameRange     '2.6.5',
28 silly addNameRange     '2.6.6',
28 silly addNameRange     '2.6.7',
28 silly addNameRange     '2.6.8',
28 silly addNameRange     '2.7.0',
28 silly addNameRange     '2.7.1',
28 silly addNameRange     '2.7.2',
28 silly addNameRange     '2.8.0',
28 silly addNameRange     '2.8.1',
28 silly addNameRange     '2.8.2',
28 silly addNameRange     '2.8.3',
28 silly addNameRange     '2.8.4',
28 silly addNameRange     '2.8.5',
28 silly addNameRange     '2.8.6' ] ]
29 verbose addNamed [ 'npm-check-updates', '2.8.6' ]
30 verbose addNamed [ '2.8.6', '2.8.6' ]
31 silly lockFile 1cfe4bbd-npm-check-updates-2-8-6 npm-check-updates@2.8.6
32 verbose lock npm-check-updates@2.8.6 /Users/zhawry/.npm/1cfe4bbd-npm-check-updates-2-8-6.lock
33 silly lockFile cc54893b-ates-npm-check-updates-2-8-6-tgz https://registry.npmjs.org/npm-check-updates/-/npm-check-updates-2.8.6.tgz
34 verbose lock https://registry.npmjs.org/npm-check-updates/-/npm-check-updates-2.8.6.tgz /Users/zhawry/.npm/cc54893b-ates-npm-check-updates-2-8-6-tgz.lock
35 verbose addRemoteTarball [ 'https://registry.npmjs.org/npm-check-updates/-/npm-check-updates-2.8.6.tgz',
35 verbose addRemoteTarball   '9e3a0865b29dfc9af8c3d53d95b43f4bc6b1f212' ]
36 info retry fetch attempt 1 at 13:41:12
37 verbose fetch to= /var/folders/6s/8cxn8b_52mv_r6yptyc85h3cv51lpn/T/npm-20401-ikeo52PU/registry.npmjs.org/npm-check-updates/-/npm-check-updates-2.8.6.tgz
38 http GET https://registry.npmjs.org/npm-check-updates/-/npm-check-updates-2.8.6.tgz
39 http 200 https://registry.npmjs.org/npm-check-updates/-/npm-check-updates-2.8.6.tgz
40 silly lockFile cc54893b-ates-npm-check-updates-2-8-6-tgz https://registry.npmjs.org/npm-check-updates/-/npm-check-updates-2.8.6.tgz
41 silly lockFile cc54893b-ates-npm-check-updates-2-8-6-tgz https://registry.npmjs.org/npm-check-updates/-/npm-check-updates-2.8.6.tgz
42 silly lockFile 1cfe4bbd-npm-check-updates-2-8-6 npm-check-updates@2.8.6
43 silly lockFile 1cfe4bbd-npm-check-updates-2-8-6 npm-check-updates@2.8.6
44 silly lockFile 2824db21-npm-check-updates npm-check-updates@
45 silly lockFile 2824db21-npm-check-updates npm-check-updates@
46 silly resolved [ { name: 'npm-check-updates',
46 silly resolved     version: '2.8.6',
46 silly resolved     author: { name: 'Tomas Junnonen', email: 'tomas1@gmail.com' },
46 silly resolved     license: 'MIT',
46 silly resolved     contributors: [ [Object] ],
46 silly resolved     description: 'Find newer versions of dependencies than what your package.json or bower.json allows',
46 silly resolved     keywords:
46 silly resolved      [ 'npm',
46 silly resolved        'bower',
46 silly resolved        'check',
46 silly resolved        'find',
46 silly resolved        'discover',
46 silly resolved        'updates',
46 silly resolved        'upgrades',
46 silly resolved        'dependencies',
46 silly resolved        'package.json',
46 silly resolved        'bower.json',
46 silly resolved        'updater',
46 silly resolved        'version',
46 silly resolved        'management' ],
46 silly resolved     preferGlobal: true,
46 silly resolved     engines: { node: '>=0.12' },
46 silly resolved     main: './lib/npm-check-updates',
46 silly resolved     scripts:
46 silly resolved      { lint: 'eslint bin lib',
46 silly resolved        watch: 'chokidar "lib/**/*.js" -c "npm run test"',
46 silly resolved        test: 'npm run lint && mocha && mocha test/individual' },
46 silly resolved     bin:
46 silly resolved      { 'npm-check-updates': './bin/npm-check-updates',
46 silly resolved        ncu: './bin/ncu' },
46 silly resolved     repository:
46 silly resolved      { type: 'git',
46 silly resolved        url: 'git+https://github.com/tjunnone/npm-check-updates.git' },
46 silly resolved     homepage: 'https://github.com/tjunnone/npm-check-updates',
46 silly resolved     dynamicDependencies: { bower: '^1.6.5' },
46 silly resolved     dependencies:
46 silly resolved      { bluebird: '^3.4.3',
46 silly resolved        chalk: '^1.1.3',
46 silly resolved        cint: '^8.2.1',
46 silly resolved        'cli-table': '^0.3.1',
46 silly resolved        commander: '^2.9.0',
46 silly resolved        'fast-diff': '^1.0.1',
46 silly resolved        'find-up': '1.1.2',
46 silly resolved        'get-stdin': '^5.0.1',
46 silly resolved        'json-parse-helpfulerror': '^1.0.3',
46 silly resolved        lodash: '^4.15.0',
46 silly resolved        'node-alias': '^1.0.4',
46 silly resolved        npm: '^3.10.6',
46 silly resolved        npmi: '^2.0.1',
46 silly resolved        'require-dir': '^0.3.0',
46 silly resolved        semver: '^5.3.0',
46 silly resolved        'semver-utils': '^1.1.1',
46 silly resolved        'spawn-please': '^0.2.0',
46 silly resolved        'update-notifier': '^1.0.2' },
46 silly resolved     devDependencies:
46 silly resolved      { chai: '^3.5.0',
46 silly resolved        'chai-as-promised': '^6.0.0',
46 silly resolved        'chai-string': '^1.2.0',
46 silly resolved        'chokidar-cli': '^1.2.0',
46 silly resolved        eslint: '^3.4.0',
46 silly resolved        mocha: '^3.0.2',
46 silly resolved        should: '^11.1.0' },
46 silly resolved     files: [ 'bin', 'lib' ],
46 silly resolved     gitHead: 'c7322acb4888baa1bcda508ba8b82e6253857eb5',
46 silly resolved     bugs: { url: 'https://github.com/tjunnone/npm-check-updates/issues' },
46 silly resolved     _id: 'npm-check-updates@2.8.6',
46 silly resolved     _shasum: '9e3a0865b29dfc9af8c3d53d95b43f4bc6b1f212',
46 silly resolved     _from: 'npm-check-updates@',
46 silly resolved     _npmVersion: '3.3.12',
46 silly resolved     _nodeVersion: '5.5.0',
46 silly resolved     _npmUser: { name: 'raine', email: 'raineorshine@gmail.com' },
46 silly resolved     dist:
46 silly resolved      { shasum: '9e3a0865b29dfc9af8c3d53d95b43f4bc6b1f212',
46 silly resolved        tarball: 'https://registry.npmjs.org/npm-check-updates/-/npm-check-updates-2.8.6.tgz' },
46 silly resolved     maintainers: [ [Object], [Object] ],
46 silly resolved     _npmOperationalInternal:
46 silly resolved      { host: 'packages-18-east.internal.npmjs.com',
46 silly resolved        tmp: 'tmp/npm-check-updates-2.8.6.tgz_1477066553870_0.8836010040249676' },
46 silly resolved     directories: {},
46 silly resolved     _resolved: 'https://registry.npmjs.org/npm-check-updates/-/npm-check-updates-2.8.6.tgz' } ]
47 info install npm-check-updates@2.8.6 into /Users/zhawry/.nvm/v0.10.38/lib
48 info installOne npm-check-updates@2.8.6
49 warn engine npm-check-updates@2.8.6: wanted: {"node":">=0.12"} (current: {"node":"0.10.38","npm":"1.4.28"})
50 verbose lib/node_modules/npm-check-updates unbuild
51 verbose tar unpack /Users/zhawry/.npm/npm-check-updates/2.8.6/package.tgz
52 silly lockFile 7b934873-b-node-modules-npm-check-updates tar:///Users/zhawry/.nvm/v0.10.38/lib/node_modules/npm-check-updates
53 verbose lock tar:///Users/zhawry/.nvm/v0.10.38/lib/node_modules/npm-check-updates /Users/zhawry/.npm/7b934873-b-node-modules-npm-check-updates.lock
54 silly lockFile 32a3a7d2--check-updates-2-8-6-package-tgz tar:///Users/zhawry/.npm/npm-check-updates/2.8.6/package.tgz
55 verbose lock tar:///Users/zhawry/.npm/npm-check-updates/2.8.6/package.tgz /Users/zhawry/.npm/32a3a7d2--check-updates-2-8-6-package-tgz.lock
56 silly gunzTarPerm modes [ '755', '644' ]
57 error Error: EACCES, mkdir '/Users/zhawry/.nvm/v0.10.38/lib/node_modules/npm-check-updates'
57 error  { [Error: EACCES, mkdir '/Users/zhawry/.nvm/v0.10.38/lib/node_modules/npm-check-updates']
57 error   errno: 3,
57 error   code: 'EACCES',
57 error   path: '/Users/zhawry/.nvm/v0.10.38/lib/node_modules/npm-check-updates',
57 error   fstream_type: 'Directory',
57 error   fstream_path: '/Users/zhawry/.nvm/v0.10.38/lib/node_modules/npm-check-updates',
57 error   fstream_class: 'DirWriter',
57 error   fstream_stack:
57 error    [ '/Users/zhawry/.nvm/v0.10.38/lib/node_modules/npm/node_modules/fstream/lib/dir-writer.js:36:23',
57 error      '/Users/zhawry/.nvm/v0.10.38/lib/node_modules/npm/node_modules/mkdirp/index.js:46:53',
57 error      'Object.oncomplete (fs.js:108:15)' ] }
58 error Please try running this command again as root/Administrator.
59 error System Darwin 15.5.0
60 error command "/Users/zhawry/.nvm/v0.10.38/bin/node" "/Users/zhawry/.nvm/v0.10.38/bin/npm" "install" "-g" "npm-check-updates"
61 error cwd /Users/zhawry/git/progressive-pushstate
62 error node -v v0.10.38
63 error npm -v 1.4.28
64 error path /Users/zhawry/.nvm/v0.10.38/lib/node_modules/npm-check-updates
65 error fstream_path /Users/zhawry/.nvm/v0.10.38/lib/node_modules/npm-check-updates
66 error fstream_type Directory
67 error fstream_class DirWriter
68 error code EACCES
69 error errno 3
70 error stack Error: EACCES, mkdir '/Users/zhawry/.nvm/v0.10.38/lib/node_modules/npm-check-updates'
71 error fstream_stack /Users/zhawry/.nvm/v0.10.38/lib/node_modules/npm/node_modules/fstream/lib/dir-writer.js:36:23
71 error fstream_stack /Users/zhawry/.nvm/v0.10.38/lib/node_modules/npm/node_modules/mkdirp/index.js:46:53
71 error fstream_stack Object.oncomplete (fs.js:108:15)
72 verbose exit [ 3, true ]
